{"name": "test_user_login[a-qa_automation_password-False]", "status": "broken", "statusDetails": {"message": "selenium.common.exceptions.TimeoutException: Message: \nStacktrace:\nNoSuchElementError: An element could not be located on the page using the given search parameters.\n    at AndroidUiautomator2Driver.findElOrEls (/Users/ilonapetenko/.appium/node_modules/appium-uiautomator2-driver/node_modules/appium-android-driver/lib/commands/find.ts:86:11)\n    at processTicksAndRejections (node:internal/process/task_queues:105:5)\n    at AndroidUiautomator2Driver.findElOrElsWithProcessing (/opt/homebrew/lib/node_modules/appium/node_modules/@appium/base-driver/lib/basedriver/commands/find.ts:60:12)\n    at AndroidUiautomator2Driver.findElement (/opt/homebrew/lib/node_modules/appium/node_modules/@appium/base-driver/lib/basedriver/commands/find.ts:75:12)", "trace": "intro_page = <application.pages.intro_page.IntroPage object at 0x7f9e485779d0>\nlogin_page = <application.pages.login_page.LoginPage object at 0x7f9e58c52340>\ndevice_list_page = <application.pages.device_list_page.DeviceListPage object at 0x7f9e58c522b0>\nemail = 'a', password = 'qa_automation_password', result = False\n\n    @pytest.mark.parametrize(\n        \"email,password,result\",\n        [\n            (\"a\", \"qa_automation_password\", False),\n            (\"qa.ajax.app.automation@gmail.com\", \"p\", False),\n            (\"qa.ajax.app.automation@@gmail.com\", \"qa_automation_password\", False),\n            (\"qa.ajax.app.automation@gmail.com\", \"qa_automation_password\", True),\n        ]\n    )\n    def test_user_login(intro_page, login_page, device_list_page, email: str, password: str, result: bool) -> None:\n        intro_page.click_login_button()\n>       login_page.fill_email_data(email)\n\ntest_login.py:16: \n_ _ _ _ _ _ _ _ _ _ _ _ _ _ _ _ _ _ _ _ _ _ _ _ _ _ _ _ _ _ _ _ _ _ _ _ _ _ _ _ \n../../application/pages/login_page.py:12: in fill_email_data\n    email_field = self.find_element_by_xpath(self.email_data)\n../../application/pages/page.py:14: in find_element_by_xpath\n    return wait.until(EC.presence_of_element_located((By.XPATH, xpath)))\n_ _ _ _ _ _ _ _ _ _ _ _ _ _ _ _ _ _ _ _ _ _ _ _ _ _ _ _ _ _ _ _ _ _ _ _ _ _ _ _ \n\nself = <selenium.webdriver.support.wait.WebDriverWait (session=\"5ba2d268-2985-407f-b17a-f2dcc7c9c3e2\")>\nmethod = <function presence_of_element_located.<locals>._predicate at 0x7f9e58be8700>\nmessage = ''\n\n    def until(self, method, message: str = \"\"):\n        \"\"\"Calls the method provided with the driver as an argument until the \\\n        return value does not evaluate to ``False``.\n    \n        :param method: callable(WebDriver)\n        :param message: optional message for :exc:`TimeoutException`\n        :returns: the result of the last call to `method`\n        :raises: :exc:`selenium.common.exceptions.TimeoutException` if timeout occurs\n        \"\"\"\n        screen = None\n        stacktrace = None\n    \n        end_time = time.monotonic() + self._timeout\n        while True:\n            try:\n                value = method(self._driver)\n                if value:\n                    return value\n            except self._ignored_exceptions as exc:\n                screen = getattr(exc, \"screen\", None)\n                stacktrace = getattr(exc, \"stacktrace\", None)\n            time.sleep(self._poll)\n            if time.monotonic() > end_time:\n                break\n>       raise TimeoutException(message, screen, stacktrace)\nE       selenium.common.exceptions.TimeoutException: Message: \nE       Stacktrace:\nE       NoSuchElementError: An element could not be located on the page using the given search parameters.\nE           at AndroidUiautomator2Driver.findElOrEls (/Users/ilonapetenko/.appium/node_modules/appium-uiautomator2-driver/node_modules/appium-android-driver/lib/commands/find.ts:86:11)\nE           at processTicksAndRejections (node:internal/process/task_queues:105:5)\nE           at AndroidUiautomator2Driver.findElOrElsWithProcessing (/opt/homebrew/lib/node_modules/appium/node_modules/@appium/base-driver/lib/basedriver/commands/find.ts:60:12)\nE           at AndroidUiautomator2Driver.findElement (/opt/homebrew/lib/node_modules/appium/node_modules/@appium/base-driver/lib/basedriver/commands/find.ts:75:12)\n\n../../venv/lib/python3.9/site-packages/selenium/webdriver/support/wait.py:95: TimeoutException"}, "parameters": [{"name": "email", "value": "'a'"}, {"name": "password", "value": "'qa_automation_password'"}, {"name": "result", "value": "False"}], "start": 1730325016153, "stop": 1730325038116, "uuid": "7e70d349-4d1f-4532-85f9-f7a35cc6f124", "historyId": "207f7bf49b50a39cefc33a908f2bc150", "testCaseId": "5b0ec97ba993718adac5c0c860fdc435", "fullName": "tests.login.test_login#test_user_login", "labels": [{"name": "parentSuite", "value": "tests.login"}, {"name": "suite", "value": "test_login"}, {"name": "host", "value": "ilonas-MacBook-Air.local"}, {"name": "thread", "value": "11781-MainThread"}, {"name": "framework", "value": "pytest"}, {"name": "language", "value": "cpython3"}, {"name": "package", "value": "tests.login.test_login"}]}